D:\2019-1\Learning2\과제\과제6\Code09-01.py
D:\2019-1\Learning2\과제\과제6\A.py
D:\2019-1\Learning2\과제\과제6\myTurtle.py
D:\2019-1\Learning2\과제\과제6\응용예제01-문자와 숫자가 섞인 데이터 정렬하기.py
D:\2019-1\Learning2\과제\과제6\응용예제02-날짜 세기 및 요일 구하기.py
D:\2019-1\Learning2\과제\과제6\Code09-14.py
D:\2019-1\Learning2\과제\과제6\B.py
D:\2019-1\Learning2\과제\과제6\Module1.py
D:\2019-1\Learning2\과제\과제6\Code09-02.py
D:\2019-1\Learning2\과제\과제6\Code09-03.py
D:\2019-1\Learning2\과제\과제6\Code09-04.py
D:\2019-1\Learning2\과제\과제6\Code09-05.py
D:\2019-1\Learning2\과제\과제6\Code09-06.py
D:\2019-1\Learning2\과제\과제6\Code09-07.py
D:\2019-1\Learning2\과제\과제6\Code09-08.py
D:\2019-1\Learning2\과제\과제6\Code09-09.py
D:\2019-1\Learning2\과제\과제6\Code09-10.py
D:\2019-1\Learning2\과제\과제6\Code09-11.py
D:\2019-1\Learning2\과제\과제6\Code09-12.py
D:\2019-1\Learning2\과제\과제6\Code09-13.py
D:\2019-1\Learning2\과제\과제6\module1.py
